<?xml version="1.0" encoding="UTF-8"?>
<testsuite name="org.example.MainTest" tests="1" skipped="0" failures="0" errors="0" timestamp="2025-04-02T04:04:08" hostname="Thrupthis-MacBook-Air.local" time="0.006">
  <properties/>
  <testcase name="testMainOutput()" classname="org.example.MainTest" time="0.006"/>
  <system-out><![CDATA[]]></system-out>
  <system-err><![CDATA[]]></system-err>
</testsuite>
